<?xml version="1.0" encoding="UTF-8"?>
<testsuite xmlns:xsi="http://www.w3.org/2001/XMLSchema-instance" xsi:noNamespaceSchemaLocation="https://maven.apache.org/surefire/maven-surefire-plugin/xsd/surefire-test-report.xsd" version="3.0.2" name="sistema.financeiro.api.ApiApplicationTests" time="10.117" tests="1" errors="0" skipped="0" failures="0">
  <properties>
[...]
</properties>
  <testcase name="contextLoads" classname="sistema.financeiro.api.ApiApplicationTests" time="0.487">
    <system-out><![CDATA[23:14:09.385 [main] INFO org.springframework.test.context.support.AnnotationConfigContextLoaderUtils -- Could not detect default configuration classes for test class [sistema.financeiro.api.ApiApplicationTests]: ApiApplicationTests does not declare any static, non-private, non-final, nested classes annotated with @Configuration.
23:14:09.521 [main] INFO org.springframework.boot.test.context.SpringBootTestContextBootstrapper -- Found @SpringBootConfiguration sistema.financeiro.api.ApiApplication for test class sistema.financeiro.api.ApiApplicationTests
23:14:09.770 [main] INFO org.springframework.boot.devtools.restart.RestartApplicationListener -- Restart disabled due to context in which it is running

  .   ____          _            __ _ _
 /\\ / ___'_ __ _ _(_)_ __  __ _ \ \ \ \
( ( )\___ | '_ | '_| | '_ \/ _` | \ \ \ \
 \\/  ___)| |_)| | | | | || (_| |  ) ) ) )
  '  |____| .__|_| |_|_| |_\__, | / / / /
 =========|_|==============|___/=/_/_/_/

 :: Spring Boot ::                (v3.5.4)

2025-11-25T23:14:10.191-03:00  INFO 23044 --- [api] [           main] s.financeiro.api.ApiApplicationTests     : Starting ApiApplicationTests using Java 21.0.9 with PID 23044 (started by rocha in C:\Users\rocha\Documents\tecbackend\projetotecbackend\api)
2025-11-25T23:14:10.194-03:00  INFO 23044 --- [api] [           main] s.financeiro.api.ApiApplicationTests     : No active profile set, falling back to 1 default profile: "default"
2025-11-25T23:14:11.818-03:00  INFO 23044 --- [api] [           main] .s.d.r.c.RepositoryConfigurationDelegate : Bootstrapping Spring Data JPA repositories in DEFAULT mode.
2025-11-25T23:14:11.915-03:00  INFO 23044 --- [api] [           main] .s.d.r.c.RepositoryConfigurationDelegate : Finished Spring Data repository scanning in 74 ms. Found 4 JPA repository interfaces.
2025-11-25T23:14:13.162-03:00  INFO 23044 --- [api] [           main] com.zaxxer.hikari.HikariDataSource       : HikariPool-1 - Starting...
2025-11-25T23:14:13.788-03:00  INFO 23044 --- [api] [           main] com.zaxxer.hikari.pool.HikariPool        : HikariPool-1 - Added connection com.mysql.cj.jdbc.ConnectionImpl@3e8b8f0
2025-11-25T23:14:13.791-03:00  INFO 23044 --- [api] [           main] com.zaxxer.hikari.HikariDataSource       : HikariPool-1 - Start completed.
2025-11-25T23:14:13.861-03:00  INFO 23044 --- [api] [           main] org.flywaydb.core.FlywayExecutor         : Database: jdbc:mysql://localhost:3306/sistemafinanceiro (MySQL 8.0)
2025-11-25T23:14:14.002-03:00  INFO 23044 --- [api] [           main] o.f.core.internal.command.DbValidate     : Successfully validated 6 migrations (execution time 00:00.091s)
2025-11-25T23:14:14.040-03:00  INFO 23044 --- [api] [           main] o.f.core.internal.command.DbMigrate      : Current version of schema `sistemafinanceiro`: 06
2025-11-25T23:14:14.050-03:00  INFO 23044 --- [api] [           main] o.f.core.internal.command.DbMigrate      : Schema `sistemafinanceiro` is up to date. No migration necessary.
2025-11-25T23:14:14.292-03:00  INFO 23044 --- [api] [           main] o.hibernate.jpa.internal.util.LogHelper  : HHH000204: Processing PersistenceUnitInfo [name: default]
2025-11-25T23:14:14.445-03:00  INFO 23044 --- [api] [           main] org.hibernate.Version                    : HHH000412: Hibernate ORM core version 6.6.22.Final
2025-11-25T23:14:14.526-03:00  INFO 23044 --- [api] [           main] o.h.c.internal.RegionFactoryInitiator    : HHH000026: Second-level cache disabled
2025-11-25T23:14:15.059-03:00  INFO 23044 --- [api] [           main] o.s.o.j.p.SpringPersistenceUnitInfo      : No LoadTimeWeaver setup: ignoring JPA class transformer
2025-11-25T23:14:15.153-03:00  INFO 23044 --- [api] [           main] org.hibernate.orm.connections.pooling    : HHH10001005: Database info:
	Database JDBC URL [Connecting through datasource 'HikariDataSource (HikariPool-1)']
	Database driver: undefined/unknown
	Database version: 8.0.41
	Autocommit mode: undefined/unknown
	Isolation level: undefined/unknown
	Minimum pool size: undefined/unknown
	Maximum pool size: undefined/unknown
2025-11-25T23:14:16.266-03:00  INFO 23044 --- [api] [           main] o.h.e.t.j.p.i.JtaPlatformInitiator       : HHH000489: No JTA platform available (set 'hibernate.transaction.jta.platform' to enable JTA platform integration)
2025-11-25T23:14:16.270-03:00  INFO 23044 --- [api] [           main] j.LocalContainerEntityManagerFactoryBean : Initialized JPA EntityManagerFactory for persistence unit 'default'
2025-11-25T23:14:16.883-03:00  INFO 23044 --- [api] [           main] r$InitializeUserDetailsManagerConfigurer : Global AuthenticationManager configured with UserDetailsService bean with name autenticacaoService
2025-11-25T23:14:17.283-03:00  WARN 23044 --- [api] [           main] JpaBaseConfiguration$JpaWebConfiguration : spring.jpa.open-in-view is enabled by default. Therefore, database queries may be performed during view rendering. Explicitly configure spring.jpa.open-in-view to disable this warning
2025-11-25T23:14:18.793-03:00  INFO 23044 --- [api] [           main] s.financeiro.api.ApiApplicationTests     : Started ApiApplicationTests in 9.04 seconds (process running for 10.498)
]]></system-out>
    <system-err><![CDATA[Mockito is currently self-attaching to enable the inline-mock-maker. This will no longer work in future releases of the JDK. Please add Mockito as an agent to your build as described in Mockito's documentation: https://javadoc.io/doc/org.mockito/mockito-core/latest/org.mockito/org/mockito/Mockito.html#0.3
WARNING: A Java agent has been loaded dynamically (C:\Users\rocha\.m2\repository\net\bytebuddy\byte-buddy-agent\1.17.6\byte-buddy-agent-1.17.6.jar)
WARNING: If a serviceability tool is in use, please run with -XX:+EnableDynamicAgentLoading to hide this warning
WARNING: If a serviceability tool is not in use, please run with -Djdk.instrument.traceUsage for more information
WARNING: Dynamic loading of agents will be disallowed by default in a future release
]]></system-err>
  </testcase>
</testsuite>